This is pdfTeX, Version 3.141592653-2.6-1.40.29 (TeX Live 2026) (preloaded format=pdflatex 2026.4.3)  5 JUN 2026 23:10
entering extended mode
 restricted \write18 enabled.
 %&-line parsing enabled.
**report.tex
(./report.tex
LaTeX2e <2025-11-01>
L3 programming layer <2026-01-19>
(c:/texlive/2026/texmf-dist/tex/latex/base/article.cls
Document Class: article 2025/01/22 v1.4n Standard LaTeX document class
(c:/texlive/2026/texmf-dist/tex/latex/base/size12.clo
File: size12.clo 2025/01/22 v1.4n Standard LaTeX file (size option)
)
\c@part=\count275
\c@section=\count276
\c@subsection=\count277
\c@subsubsection=\count278
\c@paragraph=\count279
\c@subparagraph=\count280
\c@figure=\count281
\c@table=\count282
\abovecaptionskip=\skip49
\belowcaptionskip=\skip50
\bibindent=\dimen148
)
(c:/texlive/2026/texmf-dist/tex/latex/geometry/geometry.sty
Package: geometry 2020/01/02 v5.9 Page Geometry

(c:/texlive/2026/texmf-dist/tex/latex/graphics/keyval.sty
Package: keyval 2022/05/29 v1.15 key=value parser (DPC)
\KV@toks@=\toks17
)
(c:/texlive/2026/texmf-dist/tex/generic/iftex/ifvtex.sty
Package: ifvtex 2019/10/25 v1.7 ifvtex legacy package. Use iftex instead.

(c:/texlive/2026/texmf-dist/tex/generic/iftex/iftex.sty
Package: iftex 2024/12/12 v1.0g TeX engine tests
))
\Gm@cnth=\count283
\Gm@cntv=\count284
\c@Gm@tempcnt=\count285
\Gm@bindingoffset=\dimen149
\Gm@wd@mp=\dimen150
\Gm@odd@mp=\dimen151
\Gm@even@mp=\dimen152
\Gm@layoutwidth=\dimen153
\Gm@layoutheight=\dimen154
\Gm@layouthoffset=\dimen155
\Gm@layoutvoffset=\dimen156
\Gm@dimlist=\toks18
)
(c:/texlive/2026/texmf-dist/tex/latex/amsmath/amsmath.sty
Package: amsmath 2025/07/09 v2.17z AMS math features
\@mathmargin=\skip51

For additional information on amsmath, use the `?' option.
(c:/texlive/2026/texmf-dist/tex/latex/amsmath/amstext.sty
Package: amstext 2024/11/17 v2.01 AMS text

(c:/texlive/2026/texmf-dist/tex/latex/amsmath/amsgen.sty
File: amsgen.sty 1999/11/30 v2.0 generic functions
\@emptytoks=\toks19
\ex@=\dimen157
))
(c:/texlive/2026/texmf-dist/tex/latex/amsmath/amsbsy.sty
Package: amsbsy 1999/11/29 v1.2d Bold Symbols
\pmbraise@=\dimen158
)
(c:/texlive/2026/texmf-dist/tex/latex/amsmath/amsopn.sty
Package: amsopn 2022/04/08 v2.04 operator names
)
\inf@bad=\count286
LaTeX Info: Redefining \frac on input line 233.
\uproot@=\count287
\leftroot@=\count288
LaTeX Info: Redefining \overline on input line 398.
LaTeX Info: Redefining \colon on input line 409.
\classnum@=\count289
\DOTSCASE@=\count290
LaTeX Info: Redefining \ldots on input line 495.
LaTeX Info: Redefining \dots on input line 498.
LaTeX Info: Redefining \cdots on input line 619.
\Mathstrutbox@=\box53
\strutbox@=\box54
LaTeX Info: Redefining \big on input line 721.
LaTeX Info: Redefining \Big on input line 722.
LaTeX Info: Redefining \bigg on input line 723.
LaTeX Info: Redefining \Bigg on input line 724.
\big@size=\dimen159
LaTeX Font Info:    Redeclaring font encoding OML on input line 742.
LaTeX Font Info:    Redeclaring font encoding OMS on input line 743.
\macc@depth=\count291
LaTeX Info: Redefining \bmod on input line 904.
LaTeX Info: Redefining \pmod on input line 909.
LaTeX Info: Redefining \smash on input line 939.
LaTeX Info: Redefining \relbar on input line 969.
LaTeX Info: Redefining \Relbar on input line 970.
\c@MaxMatrixCols=\count292
\dotsspace@=\muskip17
\c@parentequation=\count293
\dspbrk@lvl=\count294
\tag@help=\toks20
\row@=\count295
\column@=\count296
\maxfields@=\count297
\andhelp@=\toks21
\eqnshift@=\dimen160
\alignsep@=\dimen161
\tagshift@=\dimen162
\tagwidth@=\dimen163
\totwidth@=\dimen164
\lineht@=\dimen165
\@envbody=\toks22
\multlinegap=\skip52
\multlinetaggap=\skip53
\mathdisplay@stack=\toks23
LaTeX Info: Redefining \[ on input line 2950.
LaTeX Info: Redefining \] on input line 2951.
)
(c:/texlive/2026/texmf-dist/tex/latex/amsfonts/amssymb.sty
Package: amssymb 2013/01/14 v3.01 AMS font symbols

(c:/texlive/2026/texmf-dist/tex/latex/amsfonts/amsfonts.sty
Package: amsfonts 2013/01/14 v3.01 Basic AMSFonts support
\symAMSa=\mathgroup4
\symAMSb=\mathgroup5
LaTeX Font Info:    Redeclaring math symbol \hbar on input line 98.
LaTeX Font Info:    Overwriting math alphabet `\mathfrak' in version `bold'
(Font)                  U/euf/m/n --> U/euf/b/n on input line 106.
))
(c:/texlive/2026/texmf-dist/tex/latex/amscls/amsthm.sty
Package: amsthm 2020/05/29 v2.20.6
\thm@style=\toks24
\thm@bodyfont=\toks25
\thm@headfont=\toks26
\thm@notefont=\toks27
\thm@headpunct=\toks28
\thm@preskip=\skip54
\thm@postskip=\skip55
\thm@headsep=\skip56
\dth@everypar=\toks29
)
(c:/texlive/2026/texmf-dist/tex/latex/graphics/graphicx.sty
Package: graphicx 2024/12/31 v1.2e Enhanced LaTeX Graphics (DPC,SPQR)

(c:/texlive/2026/texmf-dist/tex/latex/graphics/graphics.sty
Package: graphics 2024/08/06 v1.4g Standard LaTeX Graphics (DPC,SPQR)

(c:/texlive/2026/texmf-dist/tex/latex/graphics/trig.sty
Package: trig 2023/12/02 v1.11 sin cos tan (DPC)
)
(c:/texlive/2026/texmf-dist/tex/latex/graphics-cfg/graphics.cfg
File: graphics.cfg 2016/06/04 v1.11 sample graphics configuration
)
Package graphics Info: Driver file: pdftex.def on input line 106.

(c:/texlive/2026/texmf-dist/tex/latex/graphics-def/pdftex.def
File: pdftex.def 2025/09/29 v1.2d Graphics/color driver for pdftex
))
\Gin@req@height=\dimen166
\Gin@req@width=\dimen167
)
(c:/texlive/2026/texmf-dist/tex/latex/float/float.sty
Package: float 2001/11/08 v1.3d Float enhancements (AL)
\c@float@type=\count298
\float@exts=\toks30
\float@box=\box55
\@float@everytoks=\toks31
\@floatcapt=\box56
)
(c:/texlive/2026/texmf-dist/tex/latex/caption/subcaption.sty
Package: subcaption 2023/07/28 v1.6b Sub-captions (AR)

(c:/texlive/2026/texmf-dist/tex/latex/caption/caption.sty
Package: caption 2023/08/05 v3.6o Customizing captions (AR)

(c:/texlive/2026/texmf-dist/tex/latex/caption/caption3.sty
Package: caption3 2023/07/31 v2.4d caption3 kernel (AR)
\caption@tempdima=\dimen168
\captionmargin=\dimen169
\caption@leftmargin=\dimen170
\caption@rightmargin=\dimen171
\caption@width=\dimen172
\caption@indent=\dimen173
\caption@parindent=\dimen174
\caption@hangindent=\dimen175
Package caption Info: Standard document class detected.
)
\c@caption@flags=\count299
\c@continuedfloat=\count300
Package caption Info: float package is loaded.
)
Package caption Info: New subtype `subfigure' on input line 238.
\c@subfigure=\count301
Package caption Info: New subtype `subtable' on input line 238.
\c@subtable=\count302
)
(c:/texlive/2026/texmf-dist/tex/latex/listings/listings.sty
\lst@mode=\count303
\lst@gtempboxa=\box57
\lst@token=\toks32
\lst@length=\count304
\lst@currlwidth=\dimen176
\lst@column=\count305
\lst@pos=\count306
\lst@lostspace=\dimen177
\lst@width=\dimen178
\lst@newlines=\count307
\lst@lineno=\count308
\lst@maxwidth=\dimen179

(c:/texlive/2026/texmf-dist/tex/latex/listings/lstpatch.sty
File: lstpatch.sty 2025/11/14 1.11b (Carsten Heinz)
)
(c:/texlive/2026/texmf-dist/tex/latex/listings/lstmisc.sty
File: lstmisc.sty 2025/11/14 1.11b (Carsten Heinz)
\c@lstnumber=\count309
\lst@skipnumbers=\count310
\lst@framebox=\box58
)
(c:/texlive/2026/texmf-dist/tex/latex/listings/listings.cfg
File: listings.cfg 2025/11/14 1.11b listings configuration
))
Package: listings 2025/11/14 1.11b (Carsten Heinz)

==> First Aid for listings.sty no longer applied!
    Expected:
        2024/09/23 1.10c (Carsten Heinz)
    but found:
        2025/11/14 1.11b (Carsten Heinz)
    so I'm assuming it got fixed.
(c:/texlive/2026/texmf-dist/tex/latex/hyperref/hyperref.sty
Package: hyperref 2026-01-29 v7.01p Hypertext links for LaTeX

(c:/texlive/2026/texmf-dist/tex/latex/kvsetkeys/kvsetkeys.sty
Package: kvsetkeys 2022-10-05 v1.19 Key value parser (HO)
)
(c:/texlive/2026/texmf-dist/tex/generic/kvdefinekeys/kvdefinekeys.sty
Package: kvdefinekeys 2019-12-19 v1.6 Define keys (HO)
)
(c:/texlive/2026/texmf-dist/tex/generic/pdfescape/pdfescape.sty
Package: pdfescape 2019/12/09 v1.15 Implements pdfTeX's escape features (HO)

(c:/texlive/2026/texmf-dist/tex/generic/ltxcmds/ltxcmds.sty
Package: ltxcmds 2023-12-04 v1.26 LaTeX kernel commands for general use (HO)
)
(c:/texlive/2026/texmf-dist/tex/generic/pdftexcmds/pdftexcmds.sty
Package: pdftexcmds 2020-06-27 v0.33 Utility functions of pdfTeX for LuaTeX (HO
)

(c:/texlive/2026/texmf-dist/tex/generic/infwarerr/infwarerr.sty
Package: infwarerr 2019/12/03 v1.5 Providing info/warning/error messages (HO)
)
Package pdftexcmds Info: \pdf@primitive is available.
Package pdftexcmds Info: \pdf@ifprimitive is available.
Package pdftexcmds Info: \pdfdraftmode found.
))
(c:/texlive/2026/texmf-dist/tex/latex/hycolor/hycolor.sty
Package: hycolor 2020-01-27 v1.10 Color options for hyperref/bookmark (HO)
)
(c:/texlive/2026/texmf-dist/tex/latex/hyperref/nameref.sty
Package: nameref 2026-01-29 v2.58 Cross-referencing by name of section

(c:/texlive/2026/texmf-dist/tex/latex/refcount/refcount.sty
Package: refcount 2019/12/15 v3.6 Data extraction from label references (HO)
)
(c:/texlive/2026/texmf-dist/tex/generic/gettitlestring/gettitlestring.sty
Package: gettitlestring 2019/12/15 v1.6 Cleanup title references (HO)

(c:/texlive/2026/texmf-dist/tex/latex/kvoptions/kvoptions.sty
Package: kvoptions 2022-06-15 v3.15 Key value format for package options (HO)
))
\c@section@level=\count311
)
(c:/texlive/2026/texmf-dist/tex/latex/etoolbox/etoolbox.sty
Package: etoolbox 2025/10/02 v2.5m e-TeX tools for LaTeX (JAW)
\etb@tempcnta=\count312
)
(c:/texlive/2026/texmf-dist/tex/generic/stringenc/stringenc.sty
Package: stringenc 2019/11/29 v1.12 Convert strings between diff. encodings (HO
)
)
\@linkdim=\dimen180
\Hy@linkcounter=\count313
\Hy@pagecounter=\count314

(c:/texlive/2026/texmf-dist/tex/latex/hyperref/pd1enc.def
File: pd1enc.def 2026-01-29 v7.01p Hyperref: PDFDocEncoding definition (HO)
Now handling font encoding PD1 ...
... no UTF-8 mapping file for font encoding PD1
)
(c:/texlive/2026/texmf-dist/tex/generic/intcalc/intcalc.sty
Package: intcalc 2019/12/15 v1.3 Expandable calculations with integers (HO)
)
\Hy@SavedSpaceFactor=\count315

(c:/texlive/2026/texmf-dist/tex/latex/hyperref/puenc.def
File: puenc.def 2026-01-29 v7.01p Hyperref: PDF Unicode definition (HO)
Now handling font encoding PU ...
... no UTF-8 mapping file for font encoding PU
)
Package hyperref Info: Hyper figures OFF on input line 4201.
Package hyperref Info: Link nesting OFF on input line 4206.
Package hyperref Info: Hyper index ON on input line 4209.
Package hyperref Info: Plain pages OFF on input line 4216.
Package hyperref Info: Backreferencing OFF on input line 4221.
Package hyperref Info: Implicit mode ON; LaTeX internals redefined.
Package hyperref Info: Bookmarks ON on input line 4468.
\c@Hy@tempcnt=\count316

(c:/texlive/2026/texmf-dist/tex/latex/url/url.sty
\Urlmuskip=\muskip18
Package: url 2013/09/16  ver 3.4  Verb mode for urls, etc.
)
LaTeX Info: Redefining \url on input line 4807.
\XeTeXLinkMargin=\dimen181

(c:/texlive/2026/texmf-dist/tex/generic/bitset/bitset.sty
Package: bitset 2019/12/09 v1.3 Handle bit-vector datatype (HO)

(c:/texlive/2026/texmf-dist/tex/generic/bigintcalc/bigintcalc.sty
Package: bigintcalc 2019/12/15 v1.5 Expandable calculations on big integers (HO
)
))
\Fld@menulength=\count317
\Field@Width=\dimen182
\Fld@charsize=\dimen183
Package hyperref Info: Hyper figures OFF on input line 6084.
Package hyperref Info: Link nesting OFF on input line 6089.
Package hyperref Info: Hyper index ON on input line 6092.
Package hyperref Info: backreferencing OFF on input line 6099.
Package hyperref Info: Link coloring OFF on input line 6104.
Package hyperref Info: Link coloring with OCG OFF on input line 6109.
Package hyperref Info: PDF/A mode OFF on input line 6114.
\Hy@abspage=\count318
\c@Item=\count319
\c@Hfootnote=\count320
)
Package hyperref Info: Driver (autodetected): hpdftex.

(c:/texlive/2026/texmf-dist/tex/latex/hyperref/hpdftex.def
File: hpdftex.def 2026-01-29 v7.01p Hyperref driver for pdfTeX
\Fld@listcount=\count321
\c@bookmark@seq@number=\count322

(c:/texlive/2026/texmf-dist/tex/latex/rerunfilecheck/rerunfilecheck.sty
Package: rerunfilecheck 2025-06-21 v1.11 Rerun checks for auxiliary files (HO)

(c:/texlive/2026/texmf-dist/tex/generic/uniquecounter/uniquecounter.sty
Package: uniquecounter 2019/12/15 v1.4 Provide unlimited unique counter (HO)
)
Package uniquecounter Info: New unique counter `rerunfilecheck' on input line 2
84.
)
\Hy@SectionHShift=\skip57
)
(c:/texlive/2026/texmf-dist/tex/latex/booktabs/booktabs.sty
Package: booktabs 2020/01/12 v1.61803398 Publication quality tables
\heavyrulewidth=\dimen184
\lightrulewidth=\dimen185
\cmidrulewidth=\dimen186
\belowrulesep=\dimen187
\belowbottomsep=\dimen188
\aboverulesep=\dimen189
\abovetopsep=\dimen190
\cmidrulesep=\dimen191
\cmidrulekern=\dimen192
\defaultaddspace=\dimen193
\@cmidla=\count323
\@cmidlb=\count324
\@aboverulesep=\dimen194
\@belowrulesep=\dimen195
\@thisruleclass=\count325
\@lastruleclass=\count326
\@thisrulewidth=\dimen196
)
(c:/texlive/2026/texmf-dist/tex/latex/enumitem/enumitem.sty
Package: enumitem 2025/02/06 v3.11 Customized lists
\labelindent=\skip58
\enit@outerparindent=\dimen197
\enit@toks=\toks33
\enit@inbox=\box59
\enit@count@id=\count327
\enitdp@description=\count328
)
(c:/texlive/2026/texmf-dist/tex/latex/cjk/texinput/CJKutf8.sty
Package: CJKutf8 2021/10/16 4.8.5

(c:/texlive/2026/texmf-dist/tex/generic/iftex/ifpdf.sty
Package: ifpdf 2019/10/25 v3.4 ifpdf legacy package. Use iftex instead.
)
(c:/texlive/2026/texmf-dist/tex/latex/base/inputenc.sty
Package: inputenc 2024/02/08 v1.3d Input encoding file
\inpenc@prehook=\toks34
\inpenc@posthook=\toks35
)
(c:/texlive/2026/texmf-dist/tex/latex/cjk/texinput/CJK.sty
Package: CJK 2021/10/16 4.8.5

(c:/texlive/2026/texmf-dist/tex/latex/cjk/texinput/mule/MULEenc.sty
Package: MULEenc 2021/10/16 4.8.5
)
(c:/texlive/2026/texmf-dist/tex/latex/cjk/texinput/CJK.enc
File: CJK.enc 2021/10/16 4.8.5
Now handling font encoding C00 ...
... no UTF-8 mapping file for font encoding C00
Now handling font encoding C05 ...
... no UTF-8 mapping file for font encoding C05
Now handling font encoding C09 ...
... no UTF-8 mapping file for font encoding C09
Now handling font encoding C10 ...
... no UTF-8 mapping file for font encoding C10
Now handling font encoding C20 ...
... no UTF-8 mapping file for font encoding C20
Now handling font encoding C19 ...
... no UTF-8 mapping file for font encoding C19
Now handling font encoding C40 ...
... no UTF-8 mapping file for font encoding C40
Now handling font encoding C42 ...
... no UTF-8 mapping file for font encoding C42
Now handling font encoding C43 ...
... no UTF-8 mapping file for font encoding C43
Now handling font encoding C50 ...
... no UTF-8 mapping file for font encoding C50
Now handling font encoding C52 ...
... no UTF-8 mapping file for font encoding C52
Now handling font encoding C49 ...
... no UTF-8 mapping file for font encoding C49
Now handling font encoding C60 ...
... no UTF-8 mapping file for font encoding C60
Now handling font encoding C61 ...
... no UTF-8 mapping file for font encoding C61
Now handling font encoding C63 ...
... no UTF-8 mapping file for font encoding C63
Now handling font encoding C64 ...
... no UTF-8 mapping file for font encoding C64
Now handling font encoding C65 ...
... no UTF-8 mapping file for font encoding C65
Now handling font encoding C70 ...
... no UTF-8 mapping file for font encoding C70
Now handling font encoding C31 ...
... no UTF-8 mapping file for font encoding C31
Now handling font encoding C32 ...
... no UTF-8 mapping file for font encoding C32
Now handling font encoding C33 ...
... no UTF-8 mapping file for font encoding C33
Now handling font encoding C34 ...
... no UTF-8 mapping file for font encoding C34
Now handling font encoding C35 ...
... no UTF-8 mapping file for font encoding C35
Now handling font encoding C36 ...
... no UTF-8 mapping file for font encoding C36
Now handling font encoding C37 ...
... no UTF-8 mapping file for font encoding C37
Now handling font encoding C80 ...
... no UTF-8 mapping file for font encoding C80
Now handling font encoding C81 ...
... no UTF-8 mapping file for font encoding C81
Now handling font encoding C01 ...
... no UTF-8 mapping file for font encoding C01
Now handling font encoding C11 ...
... no UTF-8 mapping file for font encoding C11
Now handling font encoding C21 ...
... no UTF-8 mapping file for font encoding C21
Now handling font encoding C41 ...
... no UTF-8 mapping file for font encoding C41
Now handling font encoding C62 ...
... no UTF-8 mapping file for font encoding C62
)
\CJK@indent=\box60
)
(c:/texlive/2026/texmf-dist/tex/latex/base/fontenc.sty
Package: fontenc 2025/07/18 v2.1d Standard LaTeX package
))
Package hyperref Info: Option `colorlinks' set `true' on input line 23.
\c@definition=\count329
\c@remark=\count330

(c:/texlive/2026/texmf-dist/tex/latex/cjk/texinput/UTF8/UTF8.bdg
File: UTF8.bdg 2021/10/16 4.8.5
)
(c:/texlive/2026/texmf-dist/tex/latex/cjk/texinput/UTF8/UTF8.enc
File: UTF8.enc 2021/10/16 4.8.5
)
(c:/texlive/2026/texmf-dist/tex/latex/cjk/texinput/UTF8/UTF8.chr
File: UTF8.chr 2021/10/16 4.8.5
)
(c:/texlive/2026/texmf-dist/tex/latex/l3backend/l3backend-pdftex.def
File: l3backend-pdftex.def 2025-10-09 L3 backend support: PDF output (pdfTeX)
\l__color_backend_stack_int=\count331
)
(./report_new.aux)
\openout1 = `report_new.aux'.

LaTeX Font Info:    Checking defaults for OML/cmm/m/it on input line 43.
LaTeX Font Info:    ... okay on input line 43.
LaTeX Font Info:    Checking defaults for OMS/cmsy/m/n on input line 43.
LaTeX Font Info:    ... okay on input line 43.
LaTeX Font Info:    Checking defaults for OT1/cmr/m/n on input line 43.
LaTeX Font Info:    ... okay on input line 43.
LaTeX Font Info:    Checking defaults for T1/cmr/m/n on input line 43.
LaTeX Font Info:    ... okay on input line 43.
LaTeX Font Info:    Checking defaults for TS1/cmr/m/n on input line 43.
LaTeX Font Info:    ... okay on input line 43.
LaTeX Font Info:    Checking defaults for OMX/cmex/m/n on input line 43.
LaTeX Font Info:    ... okay on input line 43.
LaTeX Font Info:    Checking defaults for U/cmr/m/n on input line 43.
LaTeX Font Info:    ... okay on input line 43.
LaTeX Font Info:    Checking defaults for PD1/pdf/m/n on input line 43.
LaTeX Font Info:    ... okay on input line 43.
LaTeX Font Info:    Checking defaults for PU/pdf/m/n on input line 43.
LaTeX Font Info:    ... okay on input line 43.
LaTeX Font Info:    Checking defaults for C00/song/m/n on input line 43.
LaTeX Font Info:    ... okay on input line 43.
LaTeX Font Info:    Checking defaults for C05/song/m/n on input line 43.
LaTeX Font Info:    ... okay on input line 43.
LaTeX Font Info:    Checking defaults for C09/song/m/n on input line 43.
LaTeX Font Info:    ... okay on input line 43.
LaTeX Font Info:    Checking defaults for C10/song/m/n on input line 43.
LaTeX Font Info:    ... okay on input line 43.
LaTeX Font Info:    Checking defaults for C20/song/m/n on input line 43.
LaTeX Font Info:    ... okay on input line 43.
LaTeX Font Info:    Checking defaults for C19/song/m/n on input line 43.
LaTeX Font Info:    ... okay on input line 43.
LaTeX Font Info:    Checking defaults for C40/song/m/n on input line 43.
LaTeX Font Info:    ... okay on input line 43.
LaTeX Font Info:    Checking defaults for C42/song/m/n on input line 43.
LaTeX Font Info:    ... okay on input line 43.
LaTeX Font Info:    Checking defaults for C43/song/m/n on input line 43.
LaTeX Font Info:    ... okay on input line 43.
LaTeX Font Info:    Checking defaults for C50/song/m/n on input line 43.
LaTeX Font Info:    ... okay on input line 43.
LaTeX Font Info:    Checking defaults for C52/song/m/n on input line 43.
LaTeX Font Info:    ... okay on input line 43.
LaTeX Font Info:    Checking defaults for C49/song/m/n on input line 43.
LaTeX Font Info:    ... okay on input line 43.
LaTeX Font Info:    Checking defaults for C60/mj/m/n on input line 43.
LaTeX Font Info:    ... okay on input line 43.
LaTeX Font Info:    Checking defaults for C61/mj/m/n on input line 43.
LaTeX Font Info:    ... okay on input line 43.
LaTeX Font Info:    Checking defaults for C63/mj/m/n on input line 43.
LaTeX Font Info:    ... okay on input line 43.
LaTeX Font Info:    Checking defaults for C64/mj/m/n on input line 43.
LaTeX Font Info:    ... okay on input line 43.
LaTeX Font Info:    Checking defaults for C65/mj/m/n on input line 43.
LaTeX Font Info:    ... okay on input line 43.
LaTeX Font Info:    Checking defaults for C70/song/m/n on input line 43.
LaTeX Font Info:    ... okay on input line 43.
LaTeX Font Info:    Checking defaults for C31/song/m/n on input line 43.
LaTeX Font Info:    ... okay on input line 43.
LaTeX Font Info:    Checking defaults for C32/song/m/n on input line 43.
LaTeX Font Info:    ... okay on input line 43.
LaTeX Font Info:    Checking defaults for C33/song/m/n on input line 43.
LaTeX Font Info:    ... okay on input line 43.
LaTeX Font Info:    Checking defaults for C34/song/m/n on input line 43.
LaTeX Font Info:    ... okay on input line 43.
LaTeX Font Info:    Checking defaults for C35/song/m/n on input line 43.
LaTeX Font Info:    ... okay on input line 43.
LaTeX Font Info:    Checking defaults for C36/song/m/n on input line 43.
LaTeX Font Info:    ... okay on input line 43.
LaTeX Font Info:    Checking defaults for C37/song/m/n on input line 43.
LaTeX Font Info:    ... okay on input line 43.
LaTeX Font Info:    Checking defaults for C80/song/m/n on input line 43.
LaTeX Font Info:    ... okay on input line 43.
LaTeX Font Info:    Checking defaults for C81/song/m/n on input line 43.
LaTeX Font Info:    ... okay on input line 43.
LaTeX Font Info:    Checking defaults for C01/song/m/n on input line 43.
LaTeX Font Info:    ... okay on input line 43.
LaTeX Font Info:    Checking defaults for C11/song/m/n on input line 43.
LaTeX Font Info:    ... okay on input line 43.
LaTeX Font Info:    Checking defaults for C21/song/m/n on input line 43.
LaTeX Font Info:    ... okay on input line 43.
LaTeX Font Info:    Checking defaults for C41/song/m/n on input line 43.
LaTeX Font Info:    ... okay on input line 43.
LaTeX Font Info:    Checking defaults for C62/song/m/n on input line 43.
LaTeX Font Info:    ... okay on input line 43.

*geometry* driver: auto-detecting
*geometry* detected driver: pdftex
*geometry* verbose mode - [ preamble ] result:
* driver: pdftex
* paper: a4paper
* layout: <same size as paper>
* layoutoffset:(h,v)=(0.0pt,0.0pt)
* modes: 
* h-part:(L,W,R)=(72.26999pt, 452.9679pt, 72.26999pt)
* v-part:(T,H,B)=(72.26999pt, 700.50687pt, 72.26999pt)
* \paperwidth=597.50787pt
* \paperheight=845.04684pt
* \textwidth=452.9679pt
* \textheight=700.50687pt
* \oddsidemargin=0.0pt
* \evensidemargin=0.0pt
* \topmargin=-37.0pt
* \headheight=12.0pt
* \headsep=25.0pt
* \topskip=12.0pt
* \footskip=30.0pt
* \marginparwidth=35.0pt
* \marginparsep=10.0pt
* \columnsep=10.0pt
* \skip\footins=10.8pt plus 4.0pt minus 2.0pt
* \hoffset=0.0pt
* \voffset=0.0pt
* \mag=1000
* \@twocolumnfalse
* \@twosidefalse
* \@mparswitchfalse
* \@reversemarginfalse
* (1in=72.27pt=25.4mm, 1cm=28.453pt)

(c:/texlive/2026/texmf-dist/tex/context/base/mkii/supp-pdf.mkii
[Loading MPS to PDF converter (version 2006.09.02).]
\scratchcounter=\count332
\scratchdimen=\dimen198
\scratchbox=\box61
\nofMPsegments=\count333
\nofMParguments=\count334
\everyMPshowfont=\toks36
\MPscratchCnt=\count335
\MPscratchDim=\dimen199
\MPnumerator=\count336
\makeMPintoPDFobject=\count337
\everyMPtoPDFconversion=\toks37
)

! LaTeX Error: Loading a class or package in a group.

See the LaTeX manual or LaTeX Companion for explanation.
Type  H <return>  for immediate help.
 ...                                              
                                                  
l.43 \begin{document}
                     
Classes and packages should only be loaded at the top level

(c:/texlive/2026/texmf-dist/tex/latex/epstopdf-pkg/epstopdf-base.sty
Package: epstopdf-base 2020-01-24 v2.11 Base part for package epstopdf
Package epstopdf-base Info: Redefining graphics rule for `.eps' on input line 4
85.

(c:/texlive/2026/texmf-dist/tex/latex/latexconfig/epstopdf-sys.cfg
File: epstopdf-sys.cfg 2010/07/13 v1.3 Configuration of (r)epstopdf for TeX Liv
e
))
Package caption Info: Begin \AtBeginDocument code.
Package caption Info: hyperref package is loaded.
Package caption Info: listings package is loaded.
Package caption Info: End \AtBeginDocument code.
\c@lstlisting=\count338


! LaTeX Error: Loading a class or package in a group.

See the LaTeX manual or LaTeX Companion for explanation.
Type  H <return>  for immediate help.
 ...                                              
                                                  
l.43 \begin{document}
                     
Classes and packages should only be loaded at the top level

(c:/texlive/2026/texmf-dist/tex/latex/graphics/color.sty
Package: color 2025/01/14 v1.3e Standard LaTeX Color (DPC)

(c:/texlive/2026/texmf-dist/tex/latex/graphics-cfg/color.cfg
File: color.cfg 2016/01/02 v1.6 sample color configuration
)
Package color Info: Driver file: pdftex.def on input line 149.

(c:/texlive/2026/texmf-dist/tex/latex/graphics/mathcolor.ltx))
Package hyperref Info: Link coloring ON on input line 43.

(./report_new.out) (./report_new.out)
\@outlinefile=\write3
\openout3 = `report_new.out'.

LaTeX Font Info:    Trying to load font information for C70+gbsn on input line 
45.

(c:/texlive/2026/texmf-dist/tex/latex/cjk/texinput/UTF8/c70gbsn.fd
File: c70gbsn.fd 2021/10/16 4.8.5
)
(c:/texlive/2026/texmf-dist/tex/latex/cjk/texinput/UTF8/c70gbsn.fdx
File: c70gbsn.fdx 2021/10/16 4.8.5
)
LaTeX Font Info:    Trying to load font information for U+msa on input line 45.


(c:/texlive/2026/texmf-dist/tex/latex/amsfonts/umsa.fd
File: umsa.fd 2013/01/14 v3.01 AMS symbols A
)
LaTeX Font Info:    Trying to load font information for U+msb on input line 45.


(c:/texlive/2026/texmf-dist/tex/latex/amsfonts/umsb.fd
File: umsb.fd 2013/01/14 v3.01 AMS symbols B
) (./report_new.toc
[1

{c:/texlive/2026/texmf-var/fonts/map/pdftex/updmap/pdftex.map}])
\tf@toc=\write4
\openout4 = `report_new.toc'.

 [2] [3{c:/texlive/2026/texmf-dist/fonts/enc/dvips/cm-super/cm-super-ts1.enc}] 
[4] [5]
[6]

LaTeX Font Warning: Font shape `C70/gbsn/m/it' undefined
(Font)              using `C70/gbsn/m/n' instead on input line 267.

[7] [8]
Overfull \hbox (1.83397pt too wide) in paragraph at lines 347--348
[]\C70/gbsn/m/it/12/51 v \C70/gbsn/m/it/12/4e - $\OML/cmm/m/it/12 ^^U[] \OT1/cm
r/m/n/12 = [] [][](\OML/cmm/m/it/12 k\OT1/cmr/m/n/12 ^^A\OML/cmm/m/it/12 x=\OT1
/cmr/m/n/12 2) + \OML/cmm/m/it/12 V$\C70/gbsn/m/it/12/ff ^^L \C70/gbsn/m/n/12/5
b ∙ \C70/gbsn/bx/n/12/81 Ļ \C70/gbsn/m/n/12/75 1 \C70/gbsn/bx/n/12/4f   \C70/gb
sn/m/n/12/64 Ł \OT1/cmr/m/n/12 ($\OML/cmm/m/it/12 V \OT1/cmr/m/n/12 = 0$) \C70/
gbsn/bx/n/12/90 ^^@ \C70/gbsn/bx/n/12/53 ^^V \C70/gbsn/m/it/12/4e : $\OML/cmm/m
/it/12 ^^U[] \OT1/cmr/m/n/12 = [] [][](\OML/cmm/m/it/12 k\OT1/cmr/m/n/12 ^^A\OM
L/cmm/m/it/12 x=\OT1/cmr/m/n/12 2) \OMS/cmsy/m/n/12 2
 []


Overfull \hbox (40.25327pt too wide) in paragraph at lines 383--397
 [][] 
 []

[9] [10]
<../tdse_outputs/figure1_analytic_vs_numerical.png, id=457, 968.1771pt x 729.92
7pt>
File: ../tdse_outputs/figure1_analytic_vs_numerical.png Graphic file (type png)

<use ../tdse_outputs/figure1_analytic_vs_numerical.png>
Package pdftex.def Info: ../tdse_outputs/figure1_analytic_vs_numerical.png  use
d on input line 466.
(pdftex.def)             Requested size: 385.02547pt x 290.27267pt.
 [11]
<../tdse_outputs/figure6_tunneling_simulation.png, id=468, 1112.958pt x 842.668
2pt>
File: ../tdse_outputs/figure6_tunneling_simulation.png Graphic file (type png)
<use ../tdse_outputs/figure6_tunneling_simulation.png>
Package pdftex.def Info: ../tdse_outputs/figure6_tunneling_simulation.png  used
 on input line 477.
(pdftex.def)             Requested size: 385.02547pt x 291.51804pt.
 [12 <../tdse_outputs/figure1_analytic_vs_numerical.png>]
<../tdse_outputs/figure_rtd_double_barrier.png, id=475, 1112.958pt x 842.6682pt
>
File: ../tdse_outputs/figure_rtd_double_barrier.png Graphic file (type png)
<use ../tdse_outputs/figure_rtd_double_barrier.png>
Package pdftex.def Info: ../tdse_outputs/figure_rtd_double_barrier.png  used on
 input line 488.
(pdftex.def)             Requested size: 385.02547pt x 291.51804pt.
 [13 <../tdse_outputs/figure6_tunneling_simulation.png>]
<../tdse_outputs/figure2_error_convergence.png, id=483, 606.8271pt x 462.528pt>

File: ../tdse_outputs/figure2_error_convergence.png Graphic file (type png)
<use ../tdse_outputs/figure2_error_convergence.png>
Package pdftex.def Info: ../tdse_outputs/figure2_error_convergence.png  used on
 input line 508.
(pdftex.def)             Requested size: 317.07614pt x 241.68044pt.
 [14 <../tdse_outputs/figure_rtd_double_barrier.png>]
<../tdse_outputs/figure3_stability_map.png, id=492, 1401.3153pt x 708.0051pt>
File: ../tdse_outputs/figure3_stability_map.png Graphic file (type png)
<use ../tdse_outputs/figure3_stability_map.png>
Package pdftex.def Info: ../tdse_outputs/figure3_stability_map.png  used on inp
ut line 525.
(pdftex.def)             Requested size: 430.31812pt x 217.41588pt.
 [15 <../tdse_outputs/figure2_error_convergence.png>]
<../tdse_outputs/figure_conservation_analysis.png, id=500, 679.0971pt x 462.528
pt>
File: ../tdse_outputs/figure_conservation_analysis.png Graphic file (type png)
<use ../tdse_outputs/figure_conservation_analysis.png>
Package pdftex.def Info: ../tdse_outputs/figure_conservation_analysis.png  used
 on input line 536.
(pdftex.def)             Requested size: 317.07614pt x 215.95549pt.

[16 <../tdse_outputs/figure3_stability_map.png> <../tdse_outputs/figure_conserv
ation_analysis.png>]

LaTeX Warning: File `figure_2d_adi_vs_ssfm_free.png' not found on input line 56
2.


! Package pdftex.def Error: File `figure_2d_adi_vs_ssfm_free.png' not found: us
ing draft setting.

See the pdftex.def package documentation for explanation.
Type  H <return>  for immediate help.
 ...                                              
                                                  
l.562 ...extwidth]{figure_2d_adi_vs_ssfm_free.png}
                                                  
Try typing  <return>  to proceed.
If that doesn't work, type  X <return>  to quit.

[17]

LaTeX Warning: File `figure_2d_adi_vs_ssfm_waveguide.png' not found on input li
ne 573.


! Package pdftex.def Error: File `figure_2d_adi_vs_ssfm_waveguide.png' not foun
d: using draft setting.

See the pdftex.def package documentation for explanation.
Type  H <return>  for immediate help.
 ...                                              
                                                  
l.573 ...dth]{figure_2d_adi_vs_ssfm_waveguide.png}
                                                  
Try typing  <return>  to proceed.
If that doesn't work, type  X <return>  to quit.

[18] [19]
<../tdse_outputs/figure_all_methods_comparison.png, id=528, 1546.578pt x 868.68
54pt>
File: ../tdse_outputs/figure_all_methods_comparison.png Graphic file (type png)

<use ../tdse_outputs/figure_all_methods_comparison.png>
Package pdftex.def Info: ../tdse_outputs/figure_all_methods_comparison.png  use
d on input line 600.
(pdftex.def)             Requested size: 430.31812pt x 241.69267pt.
<../tdse_outputs/figure_circular_sweep.png, id=531, 679.0971pt x 390.258pt>
File: ../tdse_outputs/figure_circular_sweep.png Graphic file (type png)
<use ../tdse_outputs/figure_circular_sweep.png>
Package pdftex.def Info: ../tdse_outputs/figure_circular_sweep.png  used on inp
ut line 611.
(pdftex.def)             Requested size: 317.07614pt x 182.21243pt.
 [20 <../tdse_outputs/figure_all_methods_comparison.png>]
<../tdse_outputs/figure_waveguide_sweep.png, id=540, 679.0971pt x 390.258pt>
File: ../tdse_outputs/figure_waveguide_sweep.png Graphic file (type png)
<use ../tdse_outputs/figure_waveguide_sweep.png>
Package pdftex.def Info: ../tdse_outputs/figure_waveguide_sweep.png  used on in
put line 618.
(pdftex.def)             Requested size: 317.07614pt x 182.21243pt.

Overfull \hbox (12.97798pt too wide) in paragraph at lines 631--632
[]\C70/gbsn/m/it/12/8b Ī[][] \C70/gbsn/m/it/12/7b Ś[][] \C70/gbsn/m/it/12/65 ╣[
][] \C70/gbsn/m/it/12/6c š[][] \C70/gbsn/m/it/12/5c B[][] \C70/gbsn/bx/n/12/97 
b[][] \C70/gbsn/m/it/12/ff ^^Z[][] \C70/gbsn/m/it/12/4e Õ \C70/gbsn/m/it/12/8b 
■ \C70/gbsn/m/it/12/7a  \C70/gbsn/m/it/12/7b ,\OT1/cmr/m/n/12 4\C70/gbsn/m/it/
12/7a Ó \C70/gbsn/m/it/12/62 @ \C70/gbsn/bx/n/12/63 ł \C70/gbsn/bx/n/12/76 ä \C
70/gbsn/m/it/12/67 	 \C70/gbsn/bx/n/12/96 P \C70/gbsn/m/it/12/5d Ņ \C70/gbsn/m/
it/12/52 ^^F \C70/gbsn/m/it/12/65 ╣ \C70/gbsn/m/it/12/6c š \C70/gbsn/m/it/12/ff
 ^^H\OT1/cmr/m/n/12 FTCS\C70/gbsn/bx/n/12/30 ^^A\OT1/cmr/m/n/12 Backward Eu-ler
\C70/gbsn/bx/n/12/30 ^^A\OT1/cmr/m/n/12 Crank--
 []

[21 <../tdse_outputs/figure_circular_sweep.png> <../tdse_outputs/figure_wavegui
de_sweep.png>]
Overfull \hbox (0.70697pt too wide) in paragraph at lines 650--651
[]\C70/gbsn/bx/n/12/97 ^[][] \C70/gbsn/bx/n/12/7e ┐[][] \C70/gbsn/bx/n/12/60 '[
][] \C70/gbsn/m/it/12/62 i[][] \C70/gbsn/m/it/12/5c U[][] \C70/gbsn/m/it/12/ff 
^^Z \C70/gbsn/m/it/12/5f S \C70/gbsn/m/it/12/52 M \C70/gbsn/m/it/12/5d Õ \C70/g
bsn/m/it/12/4f \ \C70/gbsn/bx/n/12/96 P \C70/gbsn/m/it/12/4e Ä \C70/gbsn/bx/n/1
2/7e ┐ \C70/gbsn/bx/n/12/60 ' \OT1/cmr/m/n/12 TDSE\C70/gbsn/bx/n/12/30 ^^B \C70
/gbsn/bx/n/12/97 ^ \C70/gbsn/bx/n/12/7e ┐ \C70/gbsn/bx/n/12/60 ' \C70/gbsn/m/n/
12/85 ø \C70/gbsn/m/it/12/5b Ü \C70/gbsn/bx/n/12/8c ^^T \C70/gbsn/m/it/12/65 ╣ 
\C70/gbsn/m/it/12/7a  \C70/gbsn/m/it/12/ff ^^H \C70/gbsn/m/it/12/59 é \OT1/cmr
/m/n/12 Gross--Pitaevskii
 []

<../tdse_outputs/pinn_outputs/figure1_wave_function.png, id=552, 1257.498pt x 3
61.35pt>
File: ../tdse_outputs/pinn_outputs/figure1_wave_function.png Graphic file (type
 png)
<use ../tdse_outputs/pinn_outputs/figure1_wave_function.png>
Package pdftex.def Info: ../tdse_outputs/pinn_outputs/figure1_wave_function.png
  used on input line 669.
(pdftex.def)             Requested size: 430.31812pt x 123.65686pt.
[22] [23 <../tdse_outputs/pinn_outputs/figure1_wave_function.png>] [24]
(./report_new.aux)
 ***********
LaTeX2e <2025-11-01>
L3 programming layer <2026-01-19>
 ***********


LaTeX Font Warning: Some font shapes were not available, defaults substituted.

Package rerunfilecheck Info: File `report_new.out' has not changed.
(rerunfilecheck)             Checksum: 64684DFCAB3C404C347B721F63B15548;5177.
 ) 
Here is how much of TeX's memory you used:
 17685 strings out of 467525
 273026 string characters out of 5423210
 698743 words of memory out of 5000000
 45858 multiletter control sequences out of 15000+600000
 705234 words of font info for 320 fonts, out of 8000000 for 9000
 1141 hyphenation exceptions out of 8191
 75i,13n,79p,971b,3379s stack positions out of 10000i,1000n,20000p,200000b,200000s
<c:/texlive/2026/texmf-dist/fonts/type1/public/amsfonts/cm/cmbx10.pfb><c:/tex
live/2026/texmf-dist/fonts/type1/public/amsfonts/cm/cmbx12.pfb><c:/texlive/2026
/texmf-dist/fonts/type1/public/amsfonts/cm/cmex10.pfb><c:/texlive/2026/texmf-di
st/fonts/type1/public/amsfonts/cm/cmmi12.pfb><c:/texlive/2026/texmf-dist/fonts/
type1/public/amsfonts/cm/cmmi6.pfb><c:/texlive/2026/texmf-dist/fonts/type1/publ
ic/amsfonts/cm/cmmi8.pfb><c:/texlive/2026/texmf-dist/fonts/type1/public/amsfont
s/cm/cmr10.pfb><c:/texlive/2026/texmf-dist/fonts/type1/public/amsfonts/cm/cmr12
.pfb><c:/texlive/2026/texmf-dist/fonts/type1/public/amsfonts/cm/cmr6.pfb><c:/te
xlive/2026/texmf-dist/fonts/type1/public/amsfonts/cm/cmr8.pfb><c:/texlive/2026/
texmf-dist/fonts/type1/public/amsfonts/cm/cmsy10.pfb><c:/texlive/2026/texmf-dis
t/fonts/type1/public/amsfonts/cm/cmsy8.pfb><c:/texlive/2026/texmf-dist/fonts/ty
pe1/public/amsfonts/cm/cmti12.pfb><c:/texlive/2026/texmf-dist/fonts/type1/publi
c/amsfonts/cm/cmtt12.pfb><c:/texlive/2026/texmf-dist/fonts/type1/arphic/gbsnu/g
bsnu26.pfb><c:/texlive/2026/texmf-dist/fonts/type1/arphic/gbsnu/gbsnu30.pfb><c:
/texlive/2026/texmf-dist/fonts/type1/arphic/gbsnu/gbsnu4e.pfb><c:/texlive/2026/
texmf-dist/fonts/type1/arphic/gbsnu/gbsnu4f.pfb><c:/texlive/2026/texmf-dist/fon
ts/type1/arphic/gbsnu/gbsnu50.pfb><c:/texlive/2026/texmf-dist/fonts/type1/arphi
c/gbsnu/gbsnu51.pfb><c:/texlive/2026/texmf-dist/fonts/type1/arphic/gbsnu/gbsnu5
2.pfb><c:/texlive/2026/texmf-dist/fonts/type1/arphic/gbsnu/gbsnu53.pfb><c:/texl
ive/2026/texmf-dist/fonts/type1/arphic/gbsnu/gbsnu54.pfb><c:/texlive/2026/texmf
-dist/fonts/type1/arphic/gbsnu/gbsnu56.pfb><c:/texlive/2026/texmf-dist/fonts/ty
pe1/arphic/gbsnu/gbsnu57.pfb><c:/texlive/2026/texmf-dist/fonts/type1/arphic/gbs
nu/gbsnu58.pfb><c:/texlive/2026/texmf-dist/fonts/type1/arphic/gbsnu/gbsnu59.pfb
><c:/texlive/2026/texmf-dist/fonts/type1/arphic/gbsnu/gbsnu5b.pfb><c:/texlive/2
026/texmf-dist/fonts/type1/arphic/gbsnu/gbsnu5c.pfb><c:/texlive/2026/texmf-dist
/fonts/type1/arphic/gbsnu/gbsnu5d.pfb><c:/texlive/2026/texmf-dist/fonts/type1/a
rphic/gbsnu/gbsnu5e.pfb><c:/texlive/2026/texmf-dist/fonts/type1/arphic/gbsnu/gb
snu5f.pfb><c:/texlive/2026/texmf-dist/fonts/type1/arphic/gbsnu/gbsnu60.pfb><c:/
texlive/2026/texmf-dist/fonts/type1/arphic/gbsnu/gbsnu61.pfb><c:/texlive/2026/t
exmf-dist/fonts/type1/arphic/gbsnu/gbsnu62.pfb><c:/texlive/2026/texmf-dist/font
s/type1/arphic/gbsnu/gbsnu63.pfb><c:/texlive/2026/texmf-dist/fonts/type1/arphic
/gbsnu/gbsnu64.pfb><c:/texlive/2026/texmf-dist/fonts/type1/arphic/gbsnu/gbsnu65
.pfb><c:/texlive/2026/texmf-dist/fonts/type1/arphic/gbsnu/gbsnu66.pfb><c:/texli
ve/2026/texmf-dist/fonts/type1/arphic/gbsnu/gbsnu67.pfb><c:/texlive/2026/texmf-
dist/fonts/type1/arphic/gbsnu/gbsnu68.pfb><c:/texlive/2026/texmf-dist/fonts/typ
e1/arphic/gbsnu/gbsnu69.pfb><c:/texlive/2026/texmf-dist/fonts/type1/arphic/gbsn
u/gbsnu6a.pfb><c:/texlive/2026/texmf-dist/fonts/type1/arphic/gbsnu/gbsnu6b.pfb>
<c:/texlive/2026/texmf-dist/fonts/type1/arphic/gbsnu/gbsnu6c.pfb><c:/texlive/20
26/texmf-dist/fonts/type1/arphic/gbsnu/gbsnu6d.pfb><c:/texlive/2026/texmf-dist/
fonts/type1/arphic/gbsnu/gbsnu6e.pfb><c:/texlive/2026/texmf-dist/fonts/type1/ar
phic/gbsnu/gbsnu6f.pfb><c:/texlive/2026/texmf-dist/fonts/type1/arphic/gbsnu/gbs
nu70.pfb><c:/texlive/2026/texmf-dist/fonts/type1/arphic/gbsnu/gbsnu71.pfb><c:/t
exlive/2026/texmf-dist/fonts/type1/arphic/gbsnu/gbsnu72.pfb><c:/texlive/2026/te
xmf-dist/fonts/type1/arphic/gbsnu/gbsnu73.pfb><c:/texlive/2026/texmf-dist/fonts
/type1/arphic/gbsnu/gbsnu74.pfb><c:/texlive/2026/texmf-dist/fonts/type1/arphic/
gbsnu/gbsnu75.pfb><c:/texlive/2026/texmf-dist/fonts/type1/arphic/gbsnu/gbsnu76.
pfb><c:/texlive/2026/texmf-dist/fonts/type1/arphic/gbsnu/gbsnu77.pfb><c:/texliv
e/2026/texmf-dist/fonts/type1/arphic/gbsnu/gbsnu78.pfb><c:/texlive/2026/texmf-d
ist/fonts/type1/arphic/gbsnu/gbsnu79.pfb><c:/texlive/2026/texmf-dist/fonts/type
1/arphic/gbsnu/gbsnu7a.pfb><c:/texlive/2026/texmf-dist/fonts/type1/arphic/gbsnu
/gbsnu7b.pfb><c:/texlive/2026/texmf-dist/fonts/type1/arphic/gbsnu/gbsnu7c.pfb><
c:/texlive/2026/texmf-dist/fonts/type1/arphic/gbsnu/gbsnu7d.pfb><c:/texlive/202
6/texmf-dist/fonts/type1/arphic/gbsnu/gbsnu7e.pfb><c:/texlive/2026/texmf-dist/f
onts/type1/arphic/gbsnu/gbsnu7f.pfb><c:/texlive/2026/texmf-dist/fonts/type1/arp
hic/gbsnu/gbsnu80.pfb><c:/texlive/2026/texmf-dist/fonts/type1/arphic/gbsnu/gbsn
u81.pfb><c:/texlive/2026/texmf-dist/fonts/type1/arphic/gbsnu/gbsnu82.pfb><c:/te
xlive/2026/texmf-dist/fonts/type1/arphic/gbsnu/gbsnu83.pfb><c:/texlive/2026/tex
mf-dist/fonts/type1/arphic/gbsnu/gbsnu84.pfb><c:/texlive/2026/texmf-dist/fonts/
type1/arphic/gbsnu/gbsnu85.pfb><c:/texlive/2026/texmf-dist/fonts/type1/arphic/g
bsnu/gbsnu86.pfb><c:/texlive/2026/texmf-dist/fonts/type1/arphic/gbsnu/gbsnu88.p
fb><c:/texlive/2026/texmf-dist/fonts/type1/arphic/gbsnu/gbsnu89.pfb><c:/texlive
/2026/texmf-dist/fonts/type1/arphic/gbsnu/gbsnu8a.pfb><c:/texlive/2026/texmf-di
st/fonts/type1/arphic/gbsnu/gbsnu8b.pfb><c:/texlive/2026/texmf-dist/fonts/type1
/arphic/gbsnu/gbsnu8c.pfb><c:/texlive/2026/texmf-dist/fonts/type1/arphic/gbsnu/
gbsnu8d.pfb><c:/texlive/2026/texmf-dist/fonts/type1/arphic/gbsnu/gbsnu8e.pfb><c
:/texlive/2026/texmf-dist/fonts/type1/arphic/gbsnu/gbsnu8f.pfb><c:/texlive/2026
/texmf-dist/fonts/type1/arphic/gbsnu/gbsnu90.pfb><c:/texlive/2026/texmf-dist/fo
nts/type1/arphic/gbsnu/gbsnu91.pfb><c:/texlive/2026/texmf-dist/fonts/type1/arph
ic/gbsnu/gbsnu94.pfb><c:/texlive/2026/texmf-dist/fonts/type1/arphic/gbsnu/gbsnu
95.pfb><c:/texlive/2026/texmf-dist/fonts/type1/arphic/gbsnu/gbsnu96.pfb><c:/tex
live/2026/texmf-dist/fonts/type1/arphic/gbsnu/gbsnu97.pfb><c:/texlive/2026/texm
f-dist/fonts/type1/arphic/gbsnu/gbsnu98.pfb><c:/texlive/2026/texmf-dist/fonts/t
ype1/arphic/gbsnu/gbsnu99.pfb><c:/texlive/2026/texmf-dist/fonts/type1/arphic/gb
snu/gbsnu9a.pfb><c:/texlive/2026/texmf-dist/fonts/type1/arphic/gbsnu/gbsnu9c.pf
b><c:/texlive/2026/texmf-dist/fonts/type1/arphic/gbsnu/gbsnu9e.pfb><c:/texlive/
2026/texmf-dist/fonts/type1/arphic/gbsnu/gbsnuff.pfb><c:/texlive/2026/texmf-dis
t/fonts/type1/public/amsfonts/symbols/msam10.pfb><c:/texlive/2026/texmf-dist/fo
nts/type1/public/amsfonts/symbols/msbm10.pfb><c:/texlive/2026/texmf-dist/fonts/
type1/public/cm-super/sfbx1200.pfb><c:/texlive/2026/texmf-dist/fonts/type1/publ
ic/cm-super/sfrm1200.pfb><c:/texlive/2026/texmf-dist/fonts/type1/public/cm-supe
r/sfti1200.pfb>
Output written on report_new.pdf (24 pages, 4442596 bytes).
PDF statistics:
 1009 PDF objects out of 1200 (max. 8388607)
 687 compressed objects within 7 object streams
 137 named destinations out of 1000 (max. 500000)
 663 words of extra memory for PDF output out of 10000 (max. 10000000)

