\BOOKMARK [1][-]{section.1}{\376\377\137\025\212\000}{}% 1
\BOOKMARK [2][-]{subsection.1.1}{\376\377\170\024\172\166\200\314\146\157\116\016\162\151\164\006\225\356\230\230}{section.1}% 2
\BOOKMARK [2][-]{subsection.1.2}{\376\377\213\376\172\013\145\271\154\325\116\016\147\054\135\345\117\134\166\204\121\163\174\373}{section.1}% 3
\BOOKMARK [2][-]{subsection.1.3}{\376\377\147\054\145\207\176\323\147\204}{section.1}% 4
\BOOKMARK [1][-]{section.2}{\376\377\162\151\164\006\225\356\230\230\116\016\145\160\133\146\136\372\152\041}{}% 5
\BOOKMARK [2][-]{subsection.2.1}{\376\377\143\247\122\066\145\271\172\013\116\016\145\340\221\317\176\262\123\026}{section.2}% 6
\BOOKMARK [2][-]{subsection.2.2}{\376\377\154\342\121\375\145\160\166\204\162\151\164\006\213\340\221\312\116\016\133\210\140\122\137\213}{section.2}% 7
\BOOKMARK [2][-]{subsection.2.3}{\376\377\121\170\127\213\122\277\127\072\136\372\152\041}{section.2}% 8
\BOOKMARK [2][-]{subsection.2.4}{\376\377\122\035\131\313\147\141\116\366}{section.2}% 9
\BOOKMARK [2][-]{subsection.2.5}{\376\377\201\352\165\061\174\222\133\120\232\330\145\257\154\342\123\005\166\204\211\343\147\220\211\343}{section.2}% 10
\BOOKMARK [2][-]{subsection.2.6}{\376\377\123\357\211\302\155\113\221\317}{section.2}% 11
\BOOKMARK [1][-]{section.3}{\376\377\145\160\120\074\145\271\154\325}{}% 12
\BOOKMARK [2][-]{subsection.3.1}{\376\377\131\015\121\375\145\160\166\204\135\356\122\006\131\004\164\006\123\237\122\031}{section.3}% 13
\BOOKMARK [2][-]{subsection.3.2}{\376\377\000F\000T\000C\000S\000\040\150\074\137\017\377\010\146\076\137\017\124\021\122\115\000\040\000E\000u\000l\000e\000r\377\011}{section.3}% 14
\BOOKMARK [2][-]{subsection.3.3}{\376\377\000B\000a\000c\000k\000w\000a\000r\000d\000\040\000E\000u\000l\000e\000r\000\040\150\074\137\017\377\010\226\220\137\017\377\011}{section.3}% 15
\BOOKMARK [2][-]{subsection.3.4}{\376\377\000C\000r\000a\000n\000k\040\023\000N\000i\000c\000o\000l\000s\000o\000n\000\040\150\074\137\017\377\010\226\220\137\017\377\014\116\214\226\066\377\014\221\111\377\011}{section.3}% 16
\BOOKMARK [2][-]{subsection.3.5}{\376\377\000V\000o\000n\000\040\000N\000e\000u\000m\000a\000n\000n\000\040\172\063\133\232\140\047\122\006\147\220}{section.3}% 17
\BOOKMARK [2][-]{subsection.3.6}{\376\377\134\100\220\350\142\052\145\255\213\357\135\356\116\016\145\066\145\133\140\047}{section.3}% 18
\BOOKMARK [2][-]{subsection.3.7}{\376\377\150\074\137\017\154\107\140\073}{section.3}% 19
\BOOKMARK [2][-]{subsection.3.8}{\376\377\000[\142\151\134\125\000]\000\040\000S\000p\000l\000i\000t\000-\000S\000t\000e\000p\000\040\000F\000o\000u\000r\000i\000e\000r\000\040\214\061\145\271\154\325}{section.3}% 20
\BOOKMARK [2][-]{subsection.3.9}{\376\377\000[\142\151\134\125\000]\000\040\126\333\226\066\000\040\000R\000u\000n\000g\000e\040\023\000K\000u\000t\000t\000a\000\040\145\271\154\325}{section.3}% 21
\BOOKMARK [2][-]{subsection.3.10}{\376\377\116\214\176\364\000\040\000A\000D\000I\000\040\145\271\154\325\040\024\040\024\213\376\147\054\173\054\0004\172\340\145\271\154\325\166\204\143\250\136\177}{section.3}% 22
\BOOKMARK [1][-]{section.4}{\376\377\145\160\120\074\133\236\232\214\176\323\147\234\116\016\122\006\147\220}{}% 23
\BOOKMARK [2][-]{subsection.4.1}{\376\377\127\372\121\306\232\214\213\301\377\032\211\343\147\220\211\343\133\371\153\324}{section.4}% 24
\BOOKMARK [2][-]{subsection.4.2}{\376\377\221\317\133\120\226\247\172\177\152\041\142\337}{section.4}% 25
\BOOKMARK [3][-]{subsubsection.4.2.1}{\376\377\123\314\122\277\127\222\121\161\143\057\226\247\172\177\377\010\000R\000T\000D\000\040\176\323\147\204\377\011}{subsection.4.2}% 26
\BOOKMARK [2][-]{subsection.4.3}{\376\377\213\357\135\356\145\066\145\133\140\047\122\006\147\220}{section.4}% 27
\BOOKMARK [2][-]{subsection.4.4}{\376\377\172\063\133\232\140\047\142\153\143\317}{section.4}% 28
\BOOKMARK [2][-]{subsection.4.5}{\376\377\215\050\221\317\133\210\140\122\122\006\147\220}{section.4}% 29
\BOOKMARK [2][-]{subsection.4.6}{\376\377\116\214\176\364\133\236\232\214\377\032\000A\000D\000I\377\010\213\376\147\054\143\250\136\177\377\011\116\016\000\040\000S\000S\000F\000M\377\010\142\151\134\125\377\011\166\204\133\371\153\324\122\006\147\220}{section.4}% 30
\BOOKMARK [3][-]{subsubsection.4.6.1}{\376\377\201\352\165\061\117\040\144\255\127\372\121\306\133\371\153\324}{subsection.4.6}% 31
\BOOKMARK [3][-]{subsubsection.4.6.2}{\376\377\154\342\133\374\176\246\147\137\117\040\144\255\133\371\153\324}{subsection.4.6}% 32
\BOOKMARK [3][-]{subsubsection.4.6.3}{\376\377\116\214\176\364\145\271\154\325\134\017\176\323}{subsection.4.6}% 33
\BOOKMARK [2][-]{subsection.4.7}{\376\377\121\150\145\271\154\325\176\374\124\010\133\371\153\324}{section.4}% 34
\BOOKMARK [2][-]{subsection.4.8}{\376\377\123\302\145\160\142\153\143\317\122\006\147\220}{section.4}% 35
\BOOKMARK [1][-]{section.5}{\376\377\176\323\213\272}{}% 36
\BOOKMARK [2][-]{subsection.5.1}{\376\377\134\100\226\120\140\047\116\016\134\125\147\033}{section.5}% 37
\BOOKMARK [1][-]{appendix.A}{\376\377\162\151\164\006\117\341\140\157\171\136\176\317\177\121\176\334\377\010\000P\000I\000N\000N\377\011\145\271\154\325\000\040\000[\142\151\134\125\000]}{}% 38
