\BOOKMARK [1][-]{section.1}{\376\377\137\025\212\000}{}% 1
\BOOKMARK [1][-]{section.2}{\376\377\145\160\133\146\152\041\127\213\116\016\225\356\230\230\143\317\217\360}{}% 2
\BOOKMARK [2][-]{subsection.2.1}{\376\377\143\247\122\066\145\271\172\013}{section.2}% 3
\BOOKMARK [2][-]{subsection.2.2}{\376\377\122\277\127\072\136\372\152\041}{section.2}% 4
\BOOKMARK [2][-]{subsection.2.3}{\376\377\122\035\131\313\147\141\116\366}{section.2}% 5
\BOOKMARK [2][-]{subsection.2.4}{\376\377\201\352\165\061\174\222\133\120\232\330\145\257\154\342\123\005\166\204\211\343\147\220\211\343}{section.2}% 6
\BOOKMARK [1][-]{section.3}{\376\377\116\000\176\364\145\160\120\074\145\271\154\325}{}% 7
\BOOKMARK [2][-]{subsection.3.1}{\376\377\172\172\225\364\171\273\145\143}{section.3}% 8
\BOOKMARK [2][-]{subsection.3.2}{\376\377\000F\000T\000C\000S\000\040\150\074\137\017\377\010\146\076\137\017\124\021\122\115\000\040\000E\000u\000l\000e\000r\377\011}{section.3}% 9
\BOOKMARK [2][-]{subsection.3.3}{\376\377\000B\000a\000c\000k\000w\000a\000r\000d\000\040\000E\000u\000l\000e\000r\000\040\150\074\137\017\377\010\226\220\137\017\377\011}{section.3}% 10
\BOOKMARK [2][-]{subsection.3.4}{\376\377\000C\000r\000a\000n\000k\040\023\000N\000i\000c\000o\000l\000s\000o\000n\000\040\150\074\137\017\377\010\226\220\137\017\221\111\150\074\137\017\377\011}{section.3}% 11
\BOOKMARK [2][-]{subsection.3.5}{\376\377\000R\000K\0004\000\040\150\074\137\017\377\010\146\076\137\017\126\333\226\066\000\040\000R\000u\000n\000g\000e\040\023\000K\000u\000t\000t\000a\377\011}{section.3}% 12
\BOOKMARK [2][-]{subsection.3.6}{\376\377\000S\000p\000l\000i\000t\000-\000S\000t\000e\000p\000\040\000F\000o\000u\000r\000i\000e\000r\000\040\145\271\154\325\377\010\214\061\145\271\154\325\377\011}{section.3}% 13
\BOOKMARK [2][-]{subsection.3.7}{\376\377\145\160\120\074\150\074\137\017\140\073\211\310}{section.3}% 14
\BOOKMARK [1][-]{section.4}{\376\377\116\214\176\364\145\160\120\074\145\271\154\325}{}% 15
\BOOKMARK [2][-]{subsection.4.1}{\376\377\000S\000p\000l\000i\000t\000-\000S\000t\000e\000p\000\040\000F\000F\000T\377\010\0002\000D\377\011}{section.4}% 16
\BOOKMARK [2][-]{subsection.4.2}{\376\377\124\070\145\066\217\271\165\114\147\141\116\366}{section.4}% 17
\BOOKMARK [2][-]{subsection.4.3}{\376\377\145\160\120\074\123\302\145\160\221\115\177\156}{section.4}% 18
\BOOKMARK [1][-]{section.5}{\376\377\116\000\176\364\145\160\120\074\133\236\232\214\176\323\147\234}{}% 19
\BOOKMARK [2][-]{subsection.5.1}{\376\377\211\343\147\220\211\343\133\371\153\324}{section.5}% 20
\BOOKMARK [2][-]{subsection.5.2}{\376\377\213\357\135\356\145\066\145\133\140\047\122\006\147\220}{section.5}% 21
\BOOKMARK [2][-]{subsection.5.3}{\376\377\172\063\133\232\140\047\122\006\147\220}{section.5}% 22
\BOOKMARK [2][-]{subsection.5.4}{\376\377\140\047\200\375\133\371\153\324}{section.5}% 23
\BOOKMARK [2][-]{subsection.5.5}{\376\377\154\342\123\005\117\040\144\255\122\250\165\073}{section.5}% 24
\BOOKMARK [2][-]{subsection.5.6}{\376\377\221\317\133\120\226\247\172\177\152\041\142\337}{section.5}% 25
\BOOKMARK [2][-]{subsection.5.7}{\376\377\131\032\150\074\137\017\133\371\153\324}{section.5}% 26
\BOOKMARK [1][-]{section.6}{\376\377\116\214\176\364\145\160\120\074\133\236\232\214\176\323\147\234}{}% 27
\BOOKMARK [2][-]{subsection.6.1}{\376\377\116\214\176\364\201\352\165\061\117\040\144\255}{section.6}% 28
\BOOKMARK [2][-]{subsection.6.2}{\376\377\127\006\137\142\226\234\170\215\162\151\145\143\134\004}{section.6}% 29
\BOOKMARK [2][-]{subsection.6.3}{\376\377\142\233\162\151\127\213\154\342\133\374\176\246\147\137\117\040\144\255}{section.6}% 30
\BOOKMARK [1][-]{section.7}{\376\377\145\160\120\074\122\006\147\220}{}% 31
\BOOKMARK [2][-]{subsection.7.1}{\376\377\116\000\176\364\215\050\221\317\133\210\140\122\122\006\147\220}{section.7}% 32
\BOOKMARK [2][-]{subsection.7.2}{\376\377\217\320\210\114\145\366\225\364\133\371\153\324}{section.7}% 33
\BOOKMARK [2][-]{subsection.7.3}{\376\377\127\006\137\142\226\234\170\215\162\151\123\302\145\160\142\153\143\317}{section.7}% 34
\BOOKMARK [2][-]{subsection.7.4}{\376\377\154\342\133\374\137\072\136\246\123\302\145\160\142\153\143\317}{section.7}% 35
\BOOKMARK [2][-]{subsection.7.5}{\376\377\116\214\176\364\145\066\145\133\140\047\122\006\147\220}{section.7}% 36
\BOOKMARK [2][-]{subsection.7.6}{\376\377\116\214\176\364\213\357\135\356\160\355\126\376}{section.7}% 37
\BOOKMARK [1][-]{section.8}{\376\377\116\343\170\001\147\266\147\204}{}% 38
\BOOKMARK [1][-]{section.9}{\376\377\176\323\213\272}{}% 39
\BOOKMARK [1][-]{appendix.A}{\376\377\162\151\164\006\117\341\140\157\171\136\176\317\177\121\176\334\377\010\000P\000I\000N\000N\377\011\145\271\154\325}{}% 40
